Starting Nmap 7.80 ( https://nmap.org ) at 2020-09-23 09:09 CDT
Nmap scan report for shadowcontrol.computype.local (10.0.0.2)
Host is up (0.00027s latency).
Not shown: 993 closed ports
PORT     STATE SERVICE
22/tcp   open  ssh
25/tcp   open  smtp
80/tcp   open  http
139/tcp  open  netbios-ssn
443/tcp  open  https
445/tcp  open  microsoft-ds
8443/tcp open  https-alt
MAC Address: 00:0C:29:90:BA:31 (VMware)

Nmap scan report for ctifiles.computype.local (10.0.0.3)
Host is up (0.00024s latency).
Not shown: 992 filtered ports
PORT      STATE SERVICE
135/tcp   open  msrpc
139/tcp   open  netbios-ssn
443/tcp   open  https
445/tcp   open  microsoft-ds
1723/tcp  open  pptp
3389/tcp  open  ms-wbt-server
10000/tcp open  snet-sensor-mgmt
49154/tcp open  unknown
MAC Address: 00:0C:29:09:47:E4 (VMware)

Nmap scan report for cwise.computype.local (10.0.0.5)
Host is up (0.00023s latency).
Not shown: 985 closed ports
PORT     STATE SERVICE
25/tcp   open  smtp
80/tcp   open  http
135/tcp  open  msrpc
139/tcp  open  netbios-ssn
443/tcp  open  https
445/tcp  open  microsoft-ds
801/tcp  open  device
1433/tcp open  ms-sql-s
1801/tcp open  msmq
2103/tcp open  zephyr-clt
2105/tcp open  eklogin
2107/tcp open  msmq-mgmt
3389/tcp open  ms-wbt-server
8082/tcp open  blackice-alerts
8181/tcp open  intermapper
MAC Address: 00:50:56:85:D2:C8 (VMware)

Nmap scan report for dc2.computype.local (10.0.0.8)
Host is up (0.00023s latency).
Not shown: 981 filtered ports
PORT      STATE SERVICE
53/tcp    open  domain
88/tcp    open  kerberos-sec
135/tcp   open  msrpc
139/tcp   open  netbios-ssn
389/tcp   open  ldap
445/tcp   open  microsoft-ds
464/tcp   open  kpasswd5
593/tcp   open  http-rpc-epmap
636/tcp   open  ldapssl
1433/tcp  open  ms-sql-s
3268/tcp  open  globalcatLDAP
3269/tcp  open  globalcatLDAPssl
3389/tcp  open  ms-wbt-server
49152/tcp open  unknown
49153/tcp open  unknown
49154/tcp open  unknown
49155/tcp open  unknown
49158/tcp open  unknown
49159/tcp open  unknown
MAC Address: 00:50:56:85:0C:71 (VMware)

Nmap scan report for vcenter.computype.local (10.0.0.9)
Host is up (0.00022s latency).
Not shown: 987 filtered ports
PORT     STATE  SERVICE
22/tcp   open   ssh
53/tcp   closed domain
80/tcp   open   http
88/tcp   open   kerberos-sec
389/tcp  open   ldap
443/tcp  open   https
514/tcp  open   shell
636/tcp  open   ldapssl
902/tcp  closed iss-realsecure
2020/tcp open   xinupageserver
6502/tcp closed netop-rc
8010/tcp closed xmpp
8084/tcp open   unknown
MAC Address: 00:0C:29:6E:09:88 (VMware)

Nmap scan report for 10.0.0.10
Host is up (0.00016s latency).
Not shown: 989 closed ports
PORT      STATE SERVICE
80/tcp    open  http
135/tcp   open  msrpc
139/tcp   open  netbios-ssn
445/tcp   open  microsoft-ds
1433/tcp  open  ms-sql-s
49152/tcp open  unknown
49153/tcp open  unknown
49154/tcp open  unknown
49155/tcp open  unknown
49156/tcp open  unknown
49161/tcp open  unknown
MAC Address: B8:CA:3A:97:DA:4F (Dell)

Nmap scan report for costanza.computype.local (10.0.0.11)
Host is up (0.00017s latency).
Not shown: 990 filtered ports
PORT     STATE  SERVICE
22/tcp   closed ssh
80/tcp   open   http
427/tcp  open   svrloc
443/tcp  open   https
902/tcp  open   iss-realsecure
5988/tcp closed wbem-http
5989/tcp closed wbem-https
8000/tcp open   http-alt
8300/tcp open   tmi
9080/tcp open   glrpc
MAC Address: B4:96:91:52:C9:CE (Intel Corporate)

Nmap scan report for cp.computype.local (10.0.0.12)
Host is up (0.00017s latency).
Not shown: 991 closed ports
PORT      STATE SERVICE
135/tcp   open  msrpc
139/tcp   open  netbios-ssn
445/tcp   open  microsoft-ds
1044/tcp  open  dcutility
1433/tcp  open  ms-sql-s
1583/tcp  open  simbaexpress
3351/tcp  open  btrieve
3389/tcp  open  ms-wbt-server
10000/tcp open  snet-sensor-mgmt
MAC Address: 00:50:56:93:6B:27 (VMware)

Nmap scan report for dc1.computype.local (10.0.0.13)
Host is up (0.00023s latency).
Not shown: 984 filtered ports
PORT      STATE SERVICE
53/tcp    open  domain
88/tcp    open  kerberos-sec
135/tcp   open  msrpc
139/tcp   open  netbios-ssn
389/tcp   open  ldap
445/tcp   open  microsoft-ds
464/tcp   open  kpasswd5
593/tcp   open  http-rpc-epmap
636/tcp   open  ldapssl
3268/tcp  open  globalcatLDAP
3269/tcp  open  globalcatLDAPssl
3389/tcp  open  ms-wbt-server
49154/tcp open  unknown
49155/tcp open  unknown
49158/tcp open  unknown
49159/tcp open  unknown
MAC Address: 00:50:56:93:1A:8A (VMware)

Nmap scan report for www.gotocompu.com (10.0.0.14)
Host is up (0.00017s latency).
Not shown: 984 filtered ports
PORT     STATE SERVICE
80/tcp   open  http
135/tcp  open  msrpc
139/tcp  open  netbios-ssn
443/tcp  open  https
445/tcp  open  microsoft-ds
1433/tcp open  ms-sql-s
1801/tcp open  msmq
2103/tcp open  zephyr-clt
2105/tcp open  eklogin
2107/tcp open  msmq-mgmt
3030/tcp open  arepa-cas
3389/tcp open  ms-wbt-server
5000/tcp open  upnp
5001/tcp open  commplex-link
5002/tcp open  rfe
5003/tcp open  filemaker
MAC Address: 00:0C:29:03:B2:20 (VMware)

Nmap scan report for vmware.computype.local (10.0.0.18)
Host is up (0.00019s latency).
Not shown: 989 filtered ports
PORT     STATE  SERVICE
22/tcp   closed ssh
80/tcp   open   http
427/tcp  open   svrloc
443/tcp  open   https
902/tcp  open   iss-realsecure
5988/tcp closed wbem-http
5989/tcp open   wbem-https
8000/tcp open   http-alt
8080/tcp closed http-proxy
8100/tcp open   xprint-server
8300/tcp closed tmi
MAC Address: 14:FE:B5:CA:2F:CA (Dell)

Nmap scan report for 10.0.0.19
Host is up (0.00028s latency).
Not shown: 990 filtered ports
PORT     STATE  SERVICE
22/tcp   closed ssh
80/tcp   open   http
427/tcp  open   svrloc
443/tcp  open   https
902/tcp  open   iss-realsecure
5988/tcp closed wbem-http
5989/tcp open   wbem-https
8000/tcp open   http-alt
8300/tcp open   tmi
9080/tcp open   glrpc
MAC Address: F8:0F:41:F3:04:05 (Wistron Infocomm (Zhongshan))

Nmap scan report for 10.0.0.20
Host is up (0.00014s latency).
Not shown: 997 closed ports
PORT     STATE SERVICE
23/tcp   open  telnet
80/tcp   open  http
9999/tcp open  abyss
MAC Address: 00:16:B9:CD:3C:C0 (ProCurve Networking by HP)

Nmap scan report for 10.0.0.21
Host is up (0.00015s latency).
Not shown: 997 closed ports
PORT     STATE SERVICE
23/tcp   open  telnet
80/tcp   open  http
9999/tcp open  abyss
MAC Address: 00:16:B9:CF:18:C0 (ProCurve Networking by HP)

Nmap scan report for 10.0.0.24
Host is up (0.0021s latency).
Not shown: 997 closed ports
PORT   STATE SERVICE
22/tcp open  ssh
23/tcp open  telnet
80/tcp open  http
MAC Address: 6C:3B:E5:DE:33:00 (Hewlett Packard)

Nmap scan report for ctipbx.computype.local (10.0.0.25)
Host is up (0.00026s latency).
Not shown: 997 closed ports
PORT   STATE SERVICE
22/tcp open  ssh
23/tcp open  telnet
80/tcp open  http
MAC Address: C0:91:34:DB:BC:80 (ProCurve Networking by HP)

Nmap scan report for 10.0.0.27
Host is up (0.0016s latency).
Not shown: 998 closed ports
PORT   STATE SERVICE
23/tcp open  telnet
80/tcp open  http
MAC Address: 00:25:61:96:C5:00 (ProCurve Networking by HP)

Nmap scan report for 10.0.0.30
Host is up (0.0011s latency).
Not shown: 999 closed ports
PORT   STATE SERVICE
80/tcp open  http
MAC Address: 94:F1:28:7A:56:50 (Hewlett Packard Enterprise)

Nmap scan report for 10.0.0.31
Host is up (0.0011s latency).
Not shown: 997 closed ports
PORT   STATE SERVICE
22/tcp open  ssh
23/tcp open  telnet
80/tcp open  http
MAC Address: C0:91:34:E4:05:80 (ProCurve Networking by HP)

Nmap scan report for 10.0.0.33
Host is up (0.00021s latency).
All 1000 scanned ports on 10.0.0.33 are filtered
MAC Address: 00:66:19:38:6D:17 (Unknown)

Nmap scan report for 10.0.0.36
Host is up (0.00030s latency).
Not shown: 999 filtered ports
PORT   STATE SERVICE
80/tcp open  http
MAC Address: 00:0C:C8:02:80:91 (Xytronix Research & Design)

Nmap scan report for cti-wds.computype.local (10.0.0.40)
Host is up (0.00036s latency).
Not shown: 995 filtered ports
PORT     STATE SERVICE
135/tcp  open  msrpc
139/tcp  open  netbios-ssn
445/tcp  open  microsoft-ds
2179/tcp open  vmrdp
5357/tcp open  wsdapi
MAC Address: 00:21:86:29:5A:66 (Universal Global Scientific Industrial)

Nmap scan report for 10.0.0.55
Host is up (0.00032s latency).
Not shown: 994 closed ports
PORT      STATE SERVICE
23/tcp    open  telnet
80/tcp    open  http
554/tcp   open  rtsp
3800/tcp  open  pwgpsi
5000/tcp  open  upnp
49152/tcp open  unknown
MAC Address: 4C:11:BF:8C:D7:92 (Zhejiang Dahua Technology)

Nmap scan report for 10.0.0.57
Host is up (0.00035s latency).
Not shown: 993 closed ports
PORT      STATE    SERVICE
22/tcp    filtered ssh
80/tcp    open     http
554/tcp   open     rtsp
8000/tcp  open     http-alt
8200/tcp  open     trivnet1
9010/tcp  open     sdr
49152/tcp open     unknown
MAC Address: 78:A1:83:42:83:97 (Advidia)

Nmap scan report for 10.0.0.58
Host is up (0.00022s latency).
Not shown: 994 closed ports
PORT      STATE SERVICE
23/tcp    open  telnet
80/tcp    open  http
554/tcp   open  rtsp
3800/tcp  open  pwgpsi
5000/tcp  open  upnp
49152/tcp open  unknown
MAC Address: 3C:EF:8C:77:71:CD (Zhejiang Dahua Technology)

Nmap scan report for 10.0.0.64
Host is up (0.0023s latency).
Not shown: 992 closed ports
PORT      STATE SERVICE
21/tcp    open  ftp
80/tcp    open  http
280/tcp   open  http-mgmt
515/tcp   open  printer
631/tcp   open  ipp
5120/tcp  open  barracuda-bbs
9100/tcp  open  jetdirect
14000/tcp open  scotty-ft
MAC Address: 00:01:E6:B6:70:65 (Hewlett Packard)

Nmap scan report for bg8-pc.computype.local (10.0.0.65)
Host is up (0.00022s latency).
Not shown: 990 filtered ports
PORT      STATE SERVICE
111/tcp   open  rpcbind
135/tcp   open  msrpc
139/tcp   open  netbios-ssn
445/tcp   open  microsoft-ds
1063/tcp  open  kyoceranetdev
2049/tcp  open  nfs
3389/tcp  open  ms-wbt-server
10001/tcp open  scp-config
10002/tcp open  documentum
10003/tcp open  documentum_s
MAC Address: 44:39:C4:55:4A:6B (Universal Global Scientific Industrial)

Nmap scan report for 10.0.0.66
Host is up (0.0022s latency).
Not shown: 993 closed ports
PORT     STATE SERVICE
21/tcp   open  ftp
80/tcp   open  http
280/tcp  open  http-mgmt
515/tcp  open  printer
631/tcp  open  ipp
5120/tcp open  barracuda-bbs
9100/tcp open  jetdirect
MAC Address: 00:01:E6:24:2E:29 (Hewlett Packard)

Nmap scan report for gs-pc.computype.local (10.0.0.101)
Host is up (0.00021s latency).
Not shown: 995 closed ports
PORT     STATE SERVICE
135/tcp  open  msrpc
139/tcp  open  netbios-ssn
445/tcp  open  microsoft-ds
3389/tcp open  ms-wbt-server
6000/tcp open  X11
MAC Address: 00:50:56:85:AE:8B (VMware)

Nmap scan report for dave-pc.computype.local (10.0.0.105)
Host is up (0.00025s latency).
Not shown: 991 filtered ports
PORT     STATE SERVICE
80/tcp   open  http
135/tcp  open  msrpc
139/tcp  open  netbios-ssn
445/tcp  open  microsoft-ds
1801/tcp open  msmq
2103/tcp open  zephyr-clt
2105/tcp open  eklogin
2107/tcp open  msmq-mgmt
3389/tcp open  ms-wbt-server
MAC Address: 6C:0B:84:44:4E:C4 (Universal Global Scientific Industrial)

Nmap scan report for 10.0.0.106
Host is up (0.00028s latency).
Not shown: 990 closed ports
PORT      STATE SERVICE
21/tcp    open  ftp
23/tcp    open  telnet
80/tcp    open  http
280/tcp   open  http-mgmt
443/tcp   open  https
515/tcp   open  printer
631/tcp   open  ipp
7627/tcp  open  soap-http
9100/tcp  open  jetdirect
14000/tcp open  scotty-ft
MAC Address: 00:11:85:FB:12:BC (Hewlett Packard)

Nmap scan report for 10.0.0.154
Host is up (0.029s latency).
Not shown: 994 filtered ports
PORT     STATE SERVICE
80/tcp   open  http
1801/tcp open  msmq
2103/tcp open  zephyr-clt
2105/tcp open  eklogin
2107/tcp open  msmq-mgmt
5357/tcp open  wsdapi
MAC Address: 00:0C:29:09:47:E4 (VMware)

Nmap scan report for 10.0.0.155
Host is up (0.023s latency).
Not shown: 999 filtered ports
PORT     STATE SERVICE
5357/tcp open  wsdapi
MAC Address: 00:0C:29:09:47:E4 (VMware)

Nmap scan report for 10.0.0.156
Host is up (0.00022s latency).
All 1000 scanned ports on 10.0.0.156 are filtered
MAC Address: 00:0C:29:09:47:E4 (VMware)

Nmap scan report for zacharys-pro.computype.local (10.0.0.158)
Host is up (0.0034s latency).
Not shown: 999 closed ports
PORT      STATE SERVICE
62078/tcp open  iphone-sync
MAC Address: 4C:74:BF:2B:5C:46 (Apple)

Nmap scan report for ag-win10-pc.computype.local (10.0.0.160)
Host is up (0.00040s latency).
Not shown: 995 closed ports
PORT     STATE SERVICE
80/tcp   open  http
135/tcp  open  msrpc
139/tcp  open  netbios-ssn
445/tcp  open  microsoft-ds
3389/tcp open  ms-wbt-server
MAC Address: 4C:CC:6A:35:CC:5A (Micro-star Intl)

Nmap scan report for bugsy.computype.local (10.0.0.162)
Host is up (0.00044s latency).
Not shown: 999 closed ports
PORT     STATE SERVICE
5060/tcp open  sip
MAC Address: 00:04:F2:16:1C:79 (Polycom)

Nmap scan report for tzc3jw458d00025.computype.local (10.0.0.164)
Host is up (0.00022s latency).
Not shown: 993 closed ports
PORT      STATE SERVICE
23/tcp    open  telnet
80/tcp    open  http
554/tcp   open  rtsp
3800/tcp  open  pwgpsi
5000/tcp  open  upnp
6789/tcp  open  ibm-db2-admin
49152/tcp open  unknown
MAC Address: 90:02:A9:2B:CB:10 (Zhejiang Dahua Technology)

Nmap scan report for 10.0.0.165
Host is up (0.00038s latency).
Not shown: 999 closed ports
PORT     STATE SERVICE
5060/tcp open  sip
MAC Address: 00:04:F2:16:13:34 (Polycom)

Nmap scan report for davids-iphone.computype.local (10.0.0.167)
Host is up (0.00054s latency).
Not shown: 992 closed ports
PORT     STATE    SERVICE
21/tcp   filtered ftp
23/tcp   filtered telnet
80/tcp   open     http
443/tcp  open     https
554/tcp  open     rtsp
7001/tcp open     afs3-callback
8000/tcp open     http-alt
8200/tcp open     trivnet1
MAC Address: 78:A1:83:01:00:AA (Advidia)

Nmap scan report for 81348727.computype.local (10.0.0.169)
Host is up (0.00052s latency).
All 1000 scanned ports on 81348727.computype.local (10.0.0.169) are closed
MAC Address: B4:00:16:0D:DB:68 (Ingenico Terminals SAS)

Nmap scan report for zacharys-pro.computype.local (10.0.0.170)
Host is up (0.027s latency).
All 1000 scanned ports on zacharys-pro.computype.local (10.0.0.170) are filtered
MAC Address: AC:12:03:DB:C7:02 (Unknown)

Nmap scan report for ip_camera.computype.local (10.0.0.172)
Host is up (0.00052s latency).
Not shown: 997 closed ports
PORT      STATE SERVICE
80/tcp    open  http
554/tcp   open  rtsp
49152/tcp open  unknown
MAC Address: 00:0F:0D:23:38:C5 (Hunt Electronic)

Nmap scan report for iphone.computype.local (10.0.0.173)
Host is up (0.00028s latency).
Not shown: 992 closed ports
PORT     STATE SERVICE
135/tcp  open  msrpc
139/tcp  open  netbios-ssn
445/tcp  open  microsoft-ds
808/tcp  open  ccproxy-http
3389/tcp open  ms-wbt-server
5357/tcp open  wsdapi
9001/tcp open  tor-orport
9595/tcp open  pds
MAC Address: 4C:CC:6A:1D:7C:F3 (Micro-star Intl)

Nmap scan report for imm2-0894ef11d58d.computype.local (10.0.0.177)
Host is up (0.00045s latency).
Not shown: 990 filtered ports
PORT     STATE  SERVICE
21/tcp   closed ftp
22/tcp   open   ssh
23/tcp   open   telnet
80/tcp   open   http
427/tcp  open   svrloc
443/tcp  open   https
3389/tcp open   ms-wbt-server
5900/tcp open   vnc
5988/tcp open   wbem-http
5989/tcp open   wbem-https
MAC Address: 08:94:EF:11:D5:8D (Wistron Infocomm (Zhongshan))

Nmap scan report for 10.0.0.178
Host is up (0.00036s latency).
Not shown: 999 closed ports
PORT     STATE SERVICE
5060/tcp open  sip
MAC Address: 00:04:F2:27:8F:46 (Polycom)

Nmap scan report for 10.0.0.180
Host is up (0.0011s latency).
Not shown: 997 closed ports
PORT      STATE SERVICE
80/tcp    open  http
554/tcp   open  rtsp
49152/tcp open  unknown
MAC Address: 00:0F:0D:22:E4:DA (Hunt Electronic)

Nmap scan report for polycom_0004f2195db6.computype.local (10.0.0.181)
Host is up (0.00039s latency).
Not shown: 999 closed ports
PORT     STATE SERVICE
5060/tcp open  sip
MAC Address: 00:04:F2:19:5D:B6 (Polycom)

Nmap scan report for cti-mj8447r.computype.local (10.0.0.182)
Host is up (0.00044s latency).
Not shown: 995 closed ports
PORT     STATE SERVICE
21/tcp   open  ftp
135/tcp  open  msrpc
139/tcp  open  netbios-ssn
445/tcp  open  microsoft-ds
3389/tcp open  ms-wbt-server
MAC Address: FC:4D:D4:33:1D:61 (Universal Global Scientific Industrial)

Nmap scan report for cti-mj063f4c.computype.local (10.0.0.183)
Host is up (0.00062s latency).
Not shown: 993 closed ports
PORT     STATE SERVICE
135/tcp  open  msrpc
139/tcp  open  netbios-ssn
445/tcp  open  microsoft-ds
808/tcp  open  ccproxy-http
3389/tcp open  ms-wbt-server
5357/tcp open  wsdapi
9001/tcp open  tor-orport
MAC Address: 94:C6:91:23:2C:67 (EliteGroup Computer Systems)

Nmap scan report for 10.0.0.184
Host is up (0.00025s latency).
Not shown: 994 filtered ports
PORT     STATE SERVICE
21/tcp   open  ftp
53/tcp   open  domain
135/tcp  open  msrpc
139/tcp  open  netbios-ssn
445/tcp  open  microsoft-ds
3389/tcp open  ms-wbt-server
MAC Address: 00:0C:29:F9:0E:B3 (VMware)

Nmap scan report for jerry-mj01p075.computype.local (10.0.0.186)
Host is up (0.00057s latency).
Not shown: 995 closed ports
PORT     STATE SERVICE
135/tcp  open  msrpc
139/tcp  open  netbios-ssn
445/tcp  open  microsoft-ds
3389/tcp open  ms-wbt-server
7070/tcp open  realserver
MAC Address: 00:23:24:73:E1:93 (G-pro Computer)

Nmap scan report for polycom_0004f2195a6c.computype.local (10.0.0.187)
Host is up (0.00032s latency).
Not shown: 997 closed ports
PORT     STATE SERVICE
80/tcp   open  http
443/tcp  open  https
5060/tcp open  sip
MAC Address: 00:04:F2:19:5A:6C (Polycom)

Nmap scan report for 10.0.0.188
Host is up (0.00037s latency).
Not shown: 991 closed ports
PORT     STATE SERVICE
21/tcp   open  ftp
80/tcp   open  http
445/tcp  open  microsoft-ds
515/tcp  open  printer
9090/tcp open  zeus-admin
9100/tcp open  jetdirect
9101/tcp open  jetdirect
9102/tcp open  jetdirect
9103/tcp open  jetdirect
MAC Address: 00:C0:EE:43:38:21 (Kyocera Display)

Nmap scan report for 10.0.0.189
Host is up (0.00012s latency).
Not shown: 993 closed ports
PORT      STATE    SERVICE
22/tcp    filtered ssh
80/tcp    open     http
554/tcp   open     rtsp
880/tcp   open     unknown
8000/tcp  open     http-alt
8200/tcp  open     trivnet1
49152/tcp open     unknown
MAC Address: 78:A1:83:42:3B:5B (Advidia)

Nmap scan report for 10.0.0.192
Host is up (0.00022s latency).
Not shown: 992 filtered ports
PORT      STATE SERVICE
135/tcp   open  msrpc
139/tcp   open  netbios-ssn
443/tcp   open  https
445/tcp   open  microsoft-ds
1723/tcp  open  pptp
3389/tcp  open  ms-wbt-server
10000/tcp open  snet-sensor-mgmt
49154/tcp open  unknown
MAC Address: 00:0C:29:09:47:E4 (VMware)

Nmap scan report for brianoffice.computype.local (10.0.0.195)
Host is up (0.00055s latency).
Not shown: 996 closed ports
PORT     STATE SERVICE
135/tcp  open  msrpc
139/tcp  open  netbios-ssn
445/tcp  open  microsoft-ds
3389/tcp open  ms-wbt-server
MAC Address: 00:23:24:80:A5:61 (G-pro Computer)

Nmap scan report for cti-mj16azd.computype.local (10.0.0.197)
Host is up (0.00098s latency).
Not shown: 995 filtered ports
PORT     STATE SERVICE
135/tcp  open  msrpc
139/tcp  open  netbios-ssn
445/tcp  open  microsoft-ds
3389/tcp open  ms-wbt-server
5357/tcp open  wsdapi
MAC Address: 44:8A:5B:04:26:C2 (Micro-Star INT'L)

Nmap scan report for terri17-pc.computype.local (10.0.0.202)
Host is up (0.00045s latency).
Not shown: 991 closed ports
PORT     STATE SERVICE
135/tcp  open  msrpc
139/tcp  open  netbios-ssn
445/tcp  open  microsoft-ds
1801/tcp open  msmq
2000/tcp open  cisco-sccp
2103/tcp open  zephyr-clt
2105/tcp open  eklogin
2107/tcp open  msmq-mgmt
3389/tcp open  ms-wbt-server
MAC Address: 30:9C:23:39:E8:36 (Micro-star Intl)

Nmap scan report for cti-mj01tv5y.computype.local (10.0.0.204)
Host is up (0.00048s latency).
Not shown: 996 filtered ports
PORT     STATE SERVICE
135/tcp  open  msrpc
139/tcp  open  netbios-ssn
445/tcp  open  microsoft-ds
3389/tcp open  ms-wbt-server
MAC Address: 44:39:C4:55:6E:DF (Universal Global Scientific Industrial)

Nmap scan report for cti-mj009mq8.computype.local (10.0.0.205)
Host is up (0.00053s latency).
Not shown: 995 closed ports
PORT     STATE SERVICE
135/tcp  open  msrpc
139/tcp  open  netbios-ssn
445/tcp  open  microsoft-ds
3389/tcp open  ms-wbt-server
5357/tcp open  wsdapi
MAC Address: FC:4D:D4:F1:F7:72 (Universal Global Scientific Industrial)

Nmap scan report for 1stbay.computype.local (10.0.0.206)
Host is up (0.00023s latency).
Not shown: 999 closed ports
PORT   STATE SERVICE
22/tcp open  ssh
MAC Address: 80:2A:A8:56:3B:E6 (Ubiquiti Networks)

Nmap scan report for 10.0.0.207
Host is up (0.00037s latency).
Not shown: 999 closed ports
PORT     STATE SERVICE
5060/tcp open  sip
MAC Address: 00:04:F2:27:8F:51 (Polycom)

Nmap scan report for router.computype.local (10.0.0.208)
Host is up (0.00065s latency).
Not shown: 999 filtered ports
PORT    STATE SERVICE
135/tcp open  msrpc
MAC Address: 6C:0B:84:44:8F:AF (Universal Global Scientific Industrial)

Nmap scan report for 10.0.0.210
Host is up (0.00034s latency).
Not shown: 999 closed ports
PORT     STATE SERVICE
5060/tcp open  sip
MAC Address: 00:04:F2:28:08:83 (Polycom)

Nmap scan report for cti-mjmdmcd.computype.local (10.0.0.211)
Host is up (0.00066s latency).
Not shown: 992 closed ports
PORT     STATE SERVICE
80/tcp   open  http
135/tcp  open  msrpc
139/tcp  open  netbios-ssn
443/tcp  open  https
445/tcp  open  microsoft-ds
515/tcp  open  printer
2179/tcp open  vmrdp
3389/tcp open  ms-wbt-server
MAC Address: 40:8D:5C:71:AF:B5 (Giga-byte Technology)

Nmap scan report for 10.0.0.212
Host is up (0.00037s latency).
Not shown: 999 closed ports
PORT     STATE SERVICE
5060/tcp open  sip
MAC Address: 00:04:F2:27:61:68 (Polycom)

Nmap scan report for 10.0.0.213
Host is up (0.00025s latency).
Not shown: 994 closed ports
PORT      STATE SERVICE
23/tcp    open  telnet
80/tcp    open  http
554/tcp   open  rtsp
3800/tcp  open  pwgpsi
5000/tcp  open  upnp
49152/tcp open  unknown
MAC Address: 90:02:A9:3E:6A:59 (Zhejiang Dahua Technology)

Nmap scan report for win-tt1d4qa7fda.computype.local (10.0.0.214)
Host is up (0.00025s latency).
Not shown: 996 closed ports
PORT     STATE SERVICE
80/tcp   open  http
443/tcp  open  https
5060/tcp open  sip
5061/tcp open  sip-tls
MAC Address: 80:5E:C0:27:6F:3C (Yealink(xiamen) Network Technology)

Nmap scan report for galaxy-s8.computype.local (10.0.0.215)
Host is up (0.00041s latency).
Not shown: 990 closed ports
PORT     STATE SERVICE
21/tcp   open  ftp
80/tcp   open  http
139/tcp  open  netbios-ssn
445/tcp  open  microsoft-ds
515/tcp  open  printer
9090/tcp open  zeus-admin
9100/tcp open  jetdirect
9101/tcp open  jetdirect
9102/tcp open  jetdirect
9103/tcp open  jetdirect
MAC Address: 00:C0:EE:AE:75:97 (Kyocera Display)

Nmap scan report for 10.0.0.216
Host is up (0.00036s latency).
Not shown: 999 closed ports
PORT     STATE SERVICE
5060/tcp open  sip
MAC Address: 00:04:F2:28:08:1E (Polycom)

Nmap scan report for cti-mj00ml4j.computype.local (10.0.0.217)
Host is up (0.00034s latency).
Not shown: 995 closed ports
PORT     STATE SERVICE
135/tcp  open  msrpc
139/tcp  open  netbios-ssn
445/tcp  open  microsoft-ds
3389/tcp open  ms-wbt-server
5357/tcp open  wsdapi
MAC Address: 44:8A:5B:55:77:71 (Micro-Star INT'L)

Nmap scan report for npif229a1.computype.local (10.0.0.218)
Host is up (0.0023s latency).
Not shown: 992 closed ports
PORT     STATE SERVICE
21/tcp   open  ftp
23/tcp   open  telnet
80/tcp   open  http
280/tcp  open  http-mgmt
515/tcp  open  printer
631/tcp  open  ipp
5120/tcp open  barracuda-bbs
9100/tcp open  jetdirect
MAC Address: 00:10:83:F2:29:A1 (Hewlett Packard)

Nmap scan report for 10.0.0.220
Host is up (0.00040s latency).
Not shown: 999 closed ports
PORT     STATE SERVICE
5060/tcp open  sip
MAC Address: 00:04:F2:27:8F:8F (Polycom)

Nmap scan report for amy-pc.computype.local (10.0.0.221)
Host is up (0.00035s latency).
Not shown: 996 closed ports
PORT     STATE SERVICE
135/tcp  open  msrpc
139/tcp  open  netbios-ssn
445/tcp  open  microsoft-ds
3389/tcp open  ms-wbt-server
MAC Address: 70:20:84:0E:F9:3D (Hon Hai Precision Ind.)

Nmap scan report for bens-iphone.computype.local (10.0.0.222)
Host is up (0.00037s latency).
Not shown: 999 closed ports
PORT     STATE SERVICE
5060/tcp open  sip
MAC Address: 00:04:F2:27:90:47 (Polycom)

Nmap scan report for 2ndbay.computype.local (10.0.0.226)
Host is up (0.00023s latency).
Not shown: 999 closed ports
PORT   STATE SERVICE
22/tcp open  ssh
MAC Address: F0:9F:C2:33:C5:35 (Ubiquiti Networks)

Nmap scan report for cti-mj02tp59.computype.local (10.0.0.227)
Host is up (0.00040s latency).
Not shown: 996 closed ports
PORT     STATE SERVICE
80/tcp   open  http
443/tcp  open  https
5060/tcp open  sip
5061/tcp open  sip-tls
MAC Address: 80:5E:C0:95:29:3B (Yealink(xiamen) Network Technology)

Nmap scan report for km86fa3a.computype.local (10.0.0.229)
Host is up (0.00011s latency).
Not shown: 989 closed ports
PORT     STATE SERVICE
21/tcp   open  ftp
80/tcp   open  http
139/tcp  open  netbios-ssn
443/tcp  open  https
445/tcp  open  microsoft-ds
515/tcp  open  printer
631/tcp  open  ipp
9100/tcp open  jetdirect
9101/tcp open  jetdirect
9102/tcp open  jetdirect
9103/tcp open  jetdirect
MAC Address: 00:C0:EE:86:FA:3A (Kyocera Display)

Nmap scan report for 10.0.0.230
Host is up (0.00022s latency).
Not shown: 990 filtered ports
PORT     STATE  SERVICE
22/tcp   closed ssh
80/tcp   open   http
427/tcp  open   svrloc
443/tcp  open   https
902/tcp  open   iss-realsecure
5988/tcp closed wbem-http
5989/tcp closed wbem-https
8000/tcp open   http-alt
8300/tcp open   tmi
9080/tcp open   glrpc
MAC Address: 08:94:EF:11:D5:88 (Wistron Infocomm (Zhongshan))

Nmap scan report for 10.0.0.231
Host is up (0.00059s latency).
Not shown: 996 closed ports
PORT     STATE SERVICE
80/tcp   open  http
443/tcp  open  https
5060/tcp open  sip
5061/tcp open  sip-tls
MAC Address: 00:15:65:F7:DC:5B (Xiamen Yealink Network Technology)

Nmap scan report for 10.0.0.232
Host is up (0.00035s latency).
Not shown: 999 closed ports
PORT     STATE SERVICE
5060/tcp open  sip
MAC Address: 00:04:F2:27:68:E8 (Polycom)

Nmap scan report for 10.0.0.234
Host is up (0.00019s latency).
Not shown: 995 closed ports
PORT      STATE SERVICE
80/tcp    open  http
554/tcp   open  rtsp
3800/tcp  open  pwgpsi
5000/tcp  open  upnp
49152/tcp open  unknown
MAC Address: 3C:EF:8C:A5:8F:B0 (Zhejiang Dahua Technology)

Nmap scan report for 10.0.0.235
Host is up (0.00036s latency).
Not shown: 999 closed ports
PORT     STATE SERVICE
5060/tcp open  sip
MAC Address: 00:04:F2:16:1B:1D (Polycom)

Nmap scan report for 10.0.0.236
Host is up (0.00035s latency).
Not shown: 996 closed ports
PORT     STATE SERVICE
80/tcp   open  http
443/tcp  open  https
5060/tcp open  sip
5061/tcp open  sip-tls
MAC Address: 80:5E:C0:27:37:77 (Yealink(xiamen) Network Technology)

Nmap scan report for cti-74001.computype.local (10.0.0.237)
Host is up (0.00049s latency).
Not shown: 991 closed ports
PORT     STATE SERVICE
135/tcp  open  msrpc
139/tcp  open  netbios-ssn
445/tcp  open  microsoft-ds
1801/tcp open  msmq
2103/tcp open  zephyr-clt
2105/tcp open  eklogin
2107/tcp open  msmq-mgmt
3389/tcp open  ms-wbt-server
5357/tcp open  wsdapi
MAC Address: 38:60:77:3C:94:B9 (Pegatron)

Nmap scan report for npi6a77fd.computype.local (10.0.0.238)
Host is up (0.00015s latency).
Not shown: 988 closed ports
PORT     STATE SERVICE
21/tcp   open  ftp
23/tcp   open  telnet
80/tcp   open  http
81/tcp   open  hosts2-ns
82/tcp   open  xfer
83/tcp   open  mit-ml-dev
443/tcp  open  https
515/tcp  open  printer
631/tcp  open  ipp
5222/tcp open  xmpp-client
8080/tcp open  http-proxy
9100/tcp open  jetdirect
MAC Address: 38:EA:A7:6A:77:FD (Hewlett Packard)

Nmap scan report for rick-mj02xnpj.computype.local (10.0.0.239)
Host is up (0.00041s latency).
Not shown: 996 closed ports
PORT     STATE SERVICE
135/tcp  open  msrpc
139/tcp  open  netbios-ssn
445/tcp  open  microsoft-ds
3389/tcp open  ms-wbt-server
MAC Address: 00:23:24:67:20:C5 (G-pro Computer)

Nmap scan report for km59a30a.computype.local (10.0.0.243)
Host is up (0.00070s latency).
Not shown: 992 closed ports
PORT     STATE SERVICE
21/tcp   open  ftp
80/tcp   open  http
515/tcp  open  printer
9090/tcp open  zeus-admin
9100/tcp open  jetdirect
9101/tcp open  jetdirect
9102/tcp open  jetdirect
9103/tcp open  jetdirect
MAC Address: 00:17:C8:59:A3:0A (Kyocera Display)

Nmap scan report for nick-pc.computype.local (10.0.0.244)
Host is up (0.00016s latency).
Not shown: 996 closed ports
PORT     STATE SERVICE
135/tcp  open  msrpc
139/tcp  open  netbios-ssn
445/tcp  open  microsoft-ds
3389/tcp open  ms-wbt-server
MAC Address: D8:9E:F3:17:D3:F1 (Dell)

Nmap scan report for 10.0.0.245
Host is up (0.00033s latency).
Not shown: 999 filtered ports
PORT     STATE SERVICE
5357/tcp open  wsdapi
MAC Address: 44:8A:5B:55:82:56 (Micro-Star INT'L)

Nmap scan report for 10.0.0.247
Host is up (0.00036s latency).
Not shown: 999 closed ports
PORT     STATE SERVICE
5060/tcp open  sip
MAC Address: 00:04:F2:27:63:56 (Polycom)

Nmap scan report for km620cfa.computype.local (10.0.0.250)
Host is up (0.00016s latency).
Not shown: 985 closed ports
PORT     STATE SERVICE
21/tcp   open  ftp
80/tcp   open  http
139/tcp  open  netbios-ssn
443/tcp  open  https
445/tcp  open  microsoft-ds
515/tcp  open  printer
631/tcp  open  ipp
9080/tcp open  glrpc
9081/tcp open  cisco-aqos
9090/tcp open  zeus-admin
9091/tcp open  xmltec-xmlmail
9100/tcp open  jetdirect
9101/tcp open  jetdirect
9102/tcp open  jetdirect
9103/tcp open  jetdirect
MAC Address: 00:17:C8:62:0C:FA (Kyocera Display)

Nmap scan report for 10.0.0.253
Host is up (0.00031s latency).
Not shown: 998 filtered ports
PORT   STATE SERVICE
22/tcp open  ssh
53/tcp open  domain
MAC Address: 00:0C:29:00:EB:D2 (VMware)

Nmap scan report for 10.0.0.254
Host is up (0.00020s latency).
Not shown: 995 filtered ports
PORT     STATE SERVICE
21/tcp   open  ftp
53/tcp   open  domain
80/tcp   open  http
3000/tcp open  ppp
8500/tcp open  fmtp
MAC Address: 00:0C:29:25:9E:6E (VMware)

Nmap scan report for 10.0.0.240
Host is up (0.0000090s latency).
All 1000 scanned ports on 10.0.0.240 are closed

Nmap done: 256 IP addresses (96 hosts up) scanned in 86.31 seconds
